<?xml version="1.0" encoding="UTF-8"?>
<testsuite xmlns:xsi="http://www.w3.org/2001/XMLSchema-instance" xsi:noNamespaceSchemaLocation="https://maven.apache.org/surefire/maven-surefire-plugin/xsd/surefire-test-report-3.0.xsd" version="3.0" name="org.sonar.samples.java.checks.SpringControllerRequestMappingEntityRuleTest" time="0.08" tests="1" errors="0" skipped="0" failures="0">
  <properties>
[...]
</properties>
  <testcase name="check" classname="org.sonar.samples.java.checks.SpringControllerRequestMappingEntityRuleTest" time="0.079">
    <system-out><![CDATA[17:20:19.314 [main] DEBUG o.s.java.bytecode.ClassLoaderBuilder - ----- Classpath analyzed by Squid:
17:20:19.314 [main] DEBUG o.s.java.bytecode.ClassLoaderBuilder - F:\软件开发工具\java-custom-rules\target\test-jars\commons-collections4-4.0.jar
17:20:19.314 [main] DEBUG o.s.java.bytecode.ClassLoaderBuilder - F:\软件开发工具\java-custom-rules\target\test-jars\javaee-api-6.0.jar
17:20:19.314 [main] DEBUG o.s.java.bytecode.ClassLoaderBuilder - F:\软件开发工具\java-custom-rules\target\test-jars\spring-context-4.3.3.RELEASE.jar
17:20:19.314 [main] DEBUG o.s.java.bytecode.ClassLoaderBuilder - F:\软件开发工具\java-custom-rules\target\test-jars\spring-web-4.3.3.RELEASE.jar
17:20:19.314 [main] DEBUG o.s.java.bytecode.ClassLoaderBuilder - F:\软件开发工具\java-custom-rules\target\test-jars\spring-webmvc-4.3.3.RELEASE.jar
17:20:19.314 [main] DEBUG o.s.java.bytecode.ClassLoaderBuilder - F:\软件开发工具\java-custom-rules\target\test-classes
17:20:19.314 [main] DEBUG o.s.java.bytecode.ClassLoaderBuilder - -----
17:20:19.319 [main] INFO  o.s.analyzer.commons.ProgressReport - 1 source files to be analyzed
17:20:19.385 [Report about progress of Java AST analyzer] INFO  o.s.analyzer.commons.ProgressReport - 1/1 source files have been analyzed
]]></system-out>
  </testcase>
</testsuite>